#
# There is insufficient memory for the Java Runtime Environment to continue.
# Native memory allocation (malloc) failed to allocate 32744 bytes for Chunk::new
# Possible reasons:
#   The system is out of physical RAM or swap space
#   The process is running with CompressedOops enabled, and the Java Heap may be blocking the growth of the native heap
# Possible solutions:
#   Reduce memory load on the system
#   Increase physical memory or swap space
#   Check if swap backing store is full
#   Decrease Java heap size (-Xmx/-Xms)
#   Decrease number of Java threads
#   Decrease Java thread stack sizes (-Xss)
#   Set larger code cache with -XX:ReservedCodeCacheSize=
#   JVM is running with Unscaled Compressed Oops mode in which the Java heap is
#     placed in the first 4GB address space. The Java Heap base address is the
#     maximum limit for the native heap growth. Please use -XX:HeapBaseMinAddress
#     to set the Java Heap base and to place the Java Heap above 4GB virtual address.
# This output file may be truncated or incomplete.
#
#  Out of Memory Error (arena.cpp:184), pid=14436, tid=6224
#
# JRE version: Java(TM) SE Runtime Environment (18.0.2.1+1) (build 18.0.2.1+1-1)
# Java VM: Java HotSpot(TM) 64-Bit Server VM (18.0.2.1+1-1, mixed mode, sharing, tiered, compressed oops, compressed class ptrs, g1 gc, windows-amd64)
# No core dump will be written. Minidumps are not enabled by default on client versions of Windows
#

---------------  S U M M A R Y ------------

Command Line: -javaagent:C:\Program Files\JetBrains\IntelliJ IDEA Community Edition 2022.1.3\lib\idea_rt.jar=59935:C:\Program Files\JetBrains\IntelliJ IDEA Community Edition 2022.1.3\bin -Dfile.encoding=UTF-8 com.mobile.MobilesApplication

Host: Intel(R) Core(TM) i3-7100U CPU @ 2.40GHz, 4 cores, 3G,  Windows 10 , 64 bit Build 19041 (10.0.19041.1889)
Time: Fri Oct  7 17:48:01 2022 India Standard Time elapsed time: 22.191591 seconds (0d 0h 0m 22s)

---------------  T H R E A D  ---------------

Current thread (0x00000146055abcc0):  JavaThread "C2 CompilerThread0" daemon [_thread_in_native, id=6224, stack(0x0000002e40500000,0x0000002e40600000)]


Current CompileTask:
C2:  22192 3901       4       org.springframework.beans.factory.support.AbstractBeanFactory::isTypeMatch (607 bytes)

Stack: [0x0000002e40500000,0x0000002e40600000]
Native frames: (J=compiled Java code, j=interpreted, Vv=VM code, C=native code)
V  [jvm.dll+0x6993aa]
V  [jvm.dll+0x7f46dd]
V  [jvm.dll+0x7f5fee]
V  [jvm.dll+0x7f66a3]
V  [jvm.dll+0x25cf1f]
V  [jvm.dll+0xb8c2f]
V  [jvm.dll+0xb8fa5]
V  [jvm.dll+0x6c2568]
V  [jvm.dll+0x1d2e24]
V  [jvm.dll+0x230259]
V  [jvm.dll+0x22f4d1]
V  [jvm.dll+0x1ba01c]
V  [jvm.dll+0x23ee0a]
V  [jvm.dll+0x23d0f5]
V  [jvm.dll+0x7a6dd1]
V  [jvm.dll+0x7a120a]
V  [jvm.dll+0x698255]
C  [ucrtbase.dll+0x21bb2]
C  [KERNEL32.DLL+0x17034]
C  [ntdll.dll+0x526a1]


---------------  P R O C E S S  ---------------

Threads class SMR info:
_java_thread_list=0x00000146266c5b50, length=13, elements={
0x00000146054f3b60, 0x00000146055914a0, 0x0000014605592010, 0x00000146055a86c0,
0x00000146055a9f80, 0x00000146055aa830, 0x00000146055ab0e0, 0x00000146055abcc0,
0x00000146055acd50, 0x00000146207e5130, 0x00000146207cc310, 0x0000014624cb9300,
0x0000014624cb97c0
}

Java Threads: ( => current thread )
  0x00000146054f3b60 JavaThread "main" [_thread_in_Java, id=15280, stack(0x0000002e3f800000,0x0000002e3f900000)]
  0x00000146055914a0 JavaThread "Reference Handler" daemon [_thread_blocked, id=11472, stack(0x0000002e3ff00000,0x0000002e40000000)]
  0x0000014605592010 JavaThread "Finalizer" daemon [_thread_blocked, id=2608, stack(0x0000002e40000000,0x0000002e40100000)]
  0x00000146055a86c0 JavaThread "Signal Dispatcher" daemon [_thread_blocked, id=11784, stack(0x0000002e40100000,0x0000002e40200000)]
  0x00000146055a9f80 JavaThread "Attach Listener" daemon [_thread_blocked, id=11544, stack(0x0000002e40200000,0x0000002e40300000)]
  0x00000146055aa830 JavaThread "Service Thread" daemon [_thread_blocked, id=13788, stack(0x0000002e40300000,0x0000002e40400000)]
  0x00000146055ab0e0 JavaThread "Monitor Deflation Thread" daemon [_thread_blocked, id=14288, stack(0x0000002e40400000,0x0000002e40500000)]
=>0x00000146055abcc0 JavaThread "C2 CompilerThread0" daemon [_thread_in_native, id=6224, stack(0x0000002e40500000,0x0000002e40600000)]
  0x00000146055acd50 JavaThread "C1 CompilerThread0" daemon [_thread_in_native, id=10040, stack(0x0000002e40600000,0x0000002e40700000)]
  0x00000146207e5130 JavaThread "Sweeper thread" daemon [_thread_blocked, id=9256, stack(0x0000002e40700000,0x0000002e40800000)]
  0x00000146207cc310 JavaThread "Common-Cleaner" daemon [_thread_blocked, id=5912, stack(0x0000002e40800000,0x0000002e40900000)]
  0x0000014624cb9300 JavaThread "Monitor Ctrl-Break" daemon [_thread_in_native, id=7896, stack(0x0000002e40900000,0x0000002e40a00000)]
  0x0000014624cb97c0 JavaThread "Notification Thread" daemon [_thread_blocked, id=1528, stack(0x0000002e40a00000,0x0000002e40b00000)]

Other Threads:
  0x000001460558ddf0 VMThread "VM Thread" [stack: 0x0000002e3fe00000,0x0000002e3ff00000] [id=14256]
  0x00000146250b5770 WatcherThread "VM Periodic Task Thread" [stack: 0x0000002e40b00000,0x0000002e40c00000] [id=1824]
  0x0000014605534230 WorkerThread "GC Thread#0" [stack: 0x0000002e3f900000,0x0000002e3fa00000] [id=5212]
  0x00000146253249a0 WorkerThread "GC Thread#1" [stack: 0x0000002e40c00000,0x0000002e40d00000] [id=4504]
  0x00000146253fc880 WorkerThread "GC Thread#2" [stack: 0x0000002e40d00000,0x0000002e40e00000] [id=8360]
  0x00000146253fcb20 WorkerThread "GC Thread#3" [stack: 0x0000002e40e00000,0x0000002e40f00000] [id=1112]
  0x000001460553edd0 ConcurrentGCThread "G1 Main Marker" [stack: 0x0000002e3fa00000,0x0000002e3fb00000] [id=10576]
  0x000001460553f6d0 WorkerThread "G1 Conc#0" [stack: 0x0000002e3fb00000,0x0000002e3fc00000] [id=1612]
  0x0000014605569f90 ConcurrentGCThread "G1 Refine#0" [stack: 0x0000002e3fc00000,0x0000002e3fd00000] [id=9592]
  0x0000014625325680 ConcurrentGCThread "G1 Refine#1" [stack: 0x0000002e40f00000,0x0000002e41000000] [id=7040]
  0x000001460556a7b0 ConcurrentGCThread "G1 Service" [stack: 0x0000002e3fd00000,0x0000002e3fe00000] [id=13592]

Threads with active compile tasks:
C2 CompilerThread0    22292 3901       4       org.springframework.beans.factory.support.AbstractBeanFactory::isTypeMatch (607 bytes)

VM state: not at safepoint (normal execution)

VM Mutex/Monitor currently owned by a thread: None

Heap address: 0x00000000c1600000, size: 1002 MB, Compressed Oops mode: 32-bit

CDS archive(s) mapped at: [0x0000000800000000-0x0000000800ba0000-0x0000000800ba0000), size 12189696, SharedBaseAddress: 0x0000000800000000, ArchiveRelocationMode: 0.
Compressed class space mapped at: 0x0000000800c00000-0x0000000840c00000, reserved size: 1073741824
Narrow klass base: 0x0000000800000000, Narrow klass shift: 0, Narrow klass range: 0x100000000

GC Precious Log:
 CardTable entry size: 512
 Card Set container configuration: InlinePtr #cards 5 size 8 Array Of Cards #cards 12 size 40 Howl #buckets 4 coarsen threshold 1843 Howl Bitmap #cards 512 size 80 coarsen threshold 460 Card regions per heap region 1 cards per card region 2048
 CPUs: 4 total, 4 available
 Memory: 4007M
 Large Page Support: Disabled
 NUMA Support: Disabled
 Compressed Oops: Enabled (32-bit)
 Heap Region Size: 1M
 Heap Min Capacity: 8M
 Heap Initial Capacity: 64M
 Heap Max Capacity: 1002M
 Pre-touch: Disabled
 Parallel Workers: 4
 Concurrent Workers: 1
 Concurrent Refinement Workers: 4
 Periodic GC: Disabled

Heap:
 garbage-first heap   total 58368K, used 18368K [0x00000000c1600000, 0x0000000100000000)
  region size 1024K, 6 young (6144K), 5 survivors (5120K)
 Metaspace       used 26833K, committed 27200K, reserved 1114112K
  class space    used 3346K, committed 3520K, reserved 1048576K

Heap Regions: E=young(eden), S=young(survivor), O=old, HS=humongous(starts), HC=humongous(continues), CS=collection set, F=free, OA=open archive, CA=closed archive, TAMS=top-at-mark-start (previous, next)
|   0|0x00000000c1600000, 0x00000000c1700000, 0x00000000c1700000|100%|HS|  |TAMS 0x00000000c1700000, 0x00000000c1600000| Complete 
|   1|0x00000000c1700000, 0x00000000c1800000, 0x00000000c1800000|100%| O|  |TAMS 0x00000000c1800000, 0x00000000c1700000| Untracked 
|   2|0x00000000c1800000, 0x00000000c1900000, 0x00000000c1900000|100%| O|  |TAMS 0x00000000c1900000, 0x00000000c1800000| Untracked 
|   3|0x00000000c1900000, 0x00000000c1a00000, 0x00000000c1a00000|100%| O|  |TAMS 0x00000000c1a00000, 0x00000000c1900000| Untracked 
|   4|0x00000000c1a00000, 0x00000000c1b00000, 0x00000000c1b00000|100%| O|  |TAMS 0x00000000c1b00000, 0x00000000c1a00000| Untracked 
|   5|0x00000000c1b00000, 0x00000000c1c00000, 0x00000000c1c00000|100%| O|  |TAMS 0x00000000c1c00000, 0x00000000c1b00000| Untracked 
|   6|0x00000000c1c00000, 0x00000000c1d00000, 0x00000000c1d00000|100%| O|  |TAMS 0x00000000c1d00000, 0x00000000c1c00000| Untracked 
|   7|0x00000000c1d00000, 0x00000000c1e00000, 0x00000000c1e00000|100%| O|  |TAMS 0x00000000c1e00000, 0x00000000c1d00000| Untracked 
|   8|0x00000000c1e00000, 0x00000000c1f00000, 0x00000000c1f00000|100%| O|  |TAMS 0x00000000c1f00000, 0x00000000c1e00000| Untracked 
|   9|0x00000000c1f00000, 0x00000000c2000000, 0x00000000c2000000|100%| O|  |TAMS 0x00000000c2000000, 0x00000000c1f00000| Untracked 
|  10|0x00000000c2000000, 0x00000000c2100000, 0x00000000c2100000|100%| O|  |TAMS 0x00000000c2037000, 0x00000000c2000000| Untracked 
|  11|0x00000000c2100000, 0x00000000c2176800, 0x00000000c2200000| 46%| O|  |TAMS 0x00000000c2100000, 0x00000000c2100000| Complete 
|  12|0x00000000c2200000, 0x00000000c2300000, 0x00000000c2300000|100%| O|  |TAMS 0x00000000c2200000, 0x00000000c2200000| Untracked 
|  13|0x00000000c2300000, 0x00000000c23dc000, 0x00000000c2400000| 85%| O|  |TAMS 0x00000000c2300000, 0x00000000c2300000| Untracked 
|  14|0x00000000c2400000, 0x00000000c2400000, 0x00000000c2500000|  0%| F|  |TAMS 0x00000000c2400000, 0x00000000c2400000| Untracked 
|  15|0x00000000c2500000, 0x00000000c2500000, 0x00000000c2600000|  0%| F|  |TAMS 0x00000000c2500000, 0x00000000c2500000| Untracked 
|  16|0x00000000c2600000, 0x00000000c2600000, 0x00000000c2700000|  0%| F|  |TAMS 0x00000000c2600000, 0x00000000c2600000| Untracked 
|  17|0x00000000c2700000, 0x00000000c2700000, 0x00000000c2800000|  0%| F|  |TAMS 0x00000000c2700000, 0x00000000c2700000| Untracked 
|  18|0x00000000c2800000, 0x00000000c289d810, 0x00000000c2900000| 61%| S|CS|TAMS 0x00000000c2800000, 0x00000000c2800000| Complete 
|  19|0x00000000c2900000, 0x00000000c2a00000, 0x00000000c2a00000|100%| S|CS|TAMS 0x00000000c2900000, 0x00000000c2900000| Complete 
|  20|0x00000000c2a00000, 0x00000000c2b00000, 0x00000000c2b00000|100%| S|CS|TAMS 0x00000000c2a00000, 0x00000000c2a00000| Complete 
|  21|0x00000000c2b00000, 0x00000000c2c00000, 0x00000000c2c00000|100%| S|CS|TAMS 0x00000000c2b00000, 0x00000000c2b00000| Complete 
|  22|0x00000000c2c00000, 0x00000000c2d00000, 0x00000000c2d00000|100%| S|CS|TAMS 0x00000000c2c00000, 0x00000000c2c00000| Complete 
|  23|0x00000000c2d00000, 0x00000000c2d00000, 0x00000000c2e00000|  0%| F|  |TAMS 0x00000000c2d00000, 0x00000000c2d00000| Untracked 
|  24|0x00000000c2e00000, 0x00000000c2e00000, 0x00000000c2f00000|  0%| F|  |TAMS 0x00000000c2e00000, 0x00000000c2e00000| Untracked 
|  25|0x00000000c2f00000, 0x00000000c2f00000, 0x00000000c3000000|  0%| F|  |TAMS 0x00000000c2f00000, 0x00000000c2f00000| Untracked 
|  26|0x00000000c3000000, 0x00000000c3000000, 0x00000000c3100000|  0%| F|  |TAMS 0x00000000c3000000, 0x00000000c3000000| Untracked 
|  27|0x00000000c3100000, 0x00000000c3100000, 0x00000000c3200000|  0%| F|  |TAMS 0x00000000c3100000, 0x00000000c3100000| Untracked 
|  28|0x00000000c3200000, 0x00000000c3200000, 0x00000000c3300000|  0%| F|  |TAMS 0x00000000c3200000, 0x00000000c3200000| Untracked 
|  29|0x00000000c3300000, 0x00000000c3300000, 0x00000000c3400000|  0%| F|  |TAMS 0x00000000c3300000, 0x00000000c3300000| Untracked 
|  30|0x00000000c3400000, 0x00000000c3400000, 0x00000000c3500000|  0%| F|  |TAMS 0x00000000c3400000, 0x00000000c3400000| Untracked 
|  31|0x00000000c3500000, 0x00000000c3500000, 0x00000000c3600000|  0%| F|  |TAMS 0x00000000c3500000, 0x00000000c3500000| Untracked 
|  32|0x00000000c3600000, 0x00000000c3600000, 0x00000000c3700000|  0%| F|  |TAMS 0x00000000c3600000, 0x00000000c3600000| Untracked 
|  33|0x00000000c3700000, 0x00000000c3700000, 0x00000000c3800000|  0%| F|  |TAMS 0x00000000c3700000, 0x00000000c3700000| Untracked 
|  34|0x00000000c3800000, 0x00000000c3800000, 0x00000000c3900000|  0%| F|  |TAMS 0x00000000c3800000, 0x00000000c3800000| Untracked 
|  35|0x00000000c3900000, 0x00000000c3900000, 0x00000000c3a00000|  0%| F|  |TAMS 0x00000000c3900000, 0x00000000c3900000| Untracked 
|  36|0x00000000c3a00000, 0x00000000c3a00000, 0x00000000c3b00000|  0%| F|  |TAMS 0x00000000c3a00000, 0x00000000c3a00000| Untracked 
|  37|0x00000000c3b00000, 0x00000000c3b00000, 0x00000000c3c00000|  0%| F|  |TAMS 0x00000000c3b00000, 0x00000000c3b00000| Untracked 
|  38|0x00000000c3c00000, 0x00000000c3c00000, 0x00000000c3d00000|  0%| F|  |TAMS 0x00000000c3c00000, 0x00000000c3c00000| Untracked 
|  39|0x00000000c3d00000, 0x00000000c3d00000, 0x00000000c3e00000|  0%| F|  |TAMS 0x00000000c3d00000, 0x00000000c3d00000| Untracked 
|  40|0x00000000c3e00000, 0x00000000c3e00000, 0x00000000c3f00000|  0%| F|  |TAMS 0x00000000c3e00000, 0x00000000c3e00000| Untracked 
|  41|0x00000000c3f00000, 0x00000000c3f00000, 0x00000000c4000000|  0%| F|  |TAMS 0x00000000c3f00000, 0x00000000c3f00000| Untracked 
|  42|0x00000000c4000000, 0x00000000c4000000, 0x00000000c4100000|  0%| F|  |TAMS 0x00000000c4000000, 0x00000000c4000000| Untracked 
|  43|0x00000000c4100000, 0x00000000c4100000, 0x00000000c4200000|  0%| F|  |TAMS 0x00000000c4100000, 0x00000000c4100000| Untracked 
|  44|0x00000000c4200000, 0x00000000c4200000, 0x00000000c4300000|  0%| F|  |TAMS 0x00000000c4200000, 0x00000000c4200000| Untracked 
|  45|0x00000000c4300000, 0x00000000c4300000, 0x00000000c4400000|  0%| F|  |TAMS 0x00000000c4300000, 0x00000000c4300000| Untracked 
|  46|0x00000000c4400000, 0x00000000c4400000, 0x00000000c4500000|  0%| F|  |TAMS 0x00000000c4400000, 0x00000000c4400000| Untracked 
|  47|0x00000000c4500000, 0x00000000c4500000, 0x00000000c4600000|  0%| F|  |TAMS 0x00000000c4500000, 0x00000000c4500000| Untracked 
|  48|0x00000000c4600000, 0x00000000c4600000, 0x00000000c4700000|  0%| F|  |TAMS 0x00000000c4600000, 0x00000000c4600000| Untracked 
|  49|0x00000000c4700000, 0x00000000c4700000, 0x00000000c4800000|  0%| F|  |TAMS 0x00000000c4700000, 0x00000000c4700000| Untracked 
|  50|0x00000000c4800000, 0x00000000c4800000, 0x00000000c4900000|  0%| F|  |TAMS 0x00000000c4800000, 0x00000000c4800000| Untracked 
|  51|0x00000000c4900000, 0x00000000c4900000, 0x00000000c4a00000|  0%| F|  |TAMS 0x00000000c4900000, 0x00000000c4900000| Untracked 
|  52|0x00000000c4a00000, 0x00000000c4a00000, 0x00000000c4b00000|  0%| F|  |TAMS 0x00000000c4a00000, 0x00000000c4a00000| Untracked 
|  53|0x00000000c4b00000, 0x00000000c4b00000, 0x00000000c4c00000|  0%| F|  |TAMS 0x00000000c4b00000, 0x00000000c4b00000| Untracked 
|  54|0x00000000c4c00000, 0x00000000c4c00000, 0x00000000c4d00000|  0%| F|  |TAMS 0x00000000c4c00000, 0x00000000c4c00000| Untracked 
|  55|0x00000000c4d00000, 0x00000000c4d00000, 0x00000000c4e00000|  0%| F|  |TAMS 0x00000000c4d00000, 0x00000000c4d00000| Untracked 
|  63|0x00000000c5500000, 0x00000000c5600000, 0x00000000c5600000|100%| E|  |TAMS 0x00000000c5500000, 0x00000000c5500000| Complete 

Card table byte_map: [0x000001461c020000,0x000001461c220000] _byte_map_base: 0x000001461ba15000

Marking Bits (Prev, Next): (CMBitMap*) 0x00000146055367a0, (CMBitMap*) 0x0000014605536760
 Prev Bits: [0x000001461d3d0000, 0x000001461e378000)
 Next Bits: [0x000001461c420000, 0x000001461d3c8000)

Polling page: 0x0000014603380000

Metaspace:

Usage:
  Non-class:     22.94 MB used.
      Class:      3.27 MB used.
       Both:     26.20 MB used.

Virtual space:
  Non-class space:       64.00 MB reserved,      23.12 MB ( 36%) committed,  1 nodes.
      Class space:        1.00 GB reserved,       3.44 MB ( <1%) committed,  1 nodes.
             Both:        1.06 GB reserved,      26.56 MB (  2%) committed. 

Chunk freelists:
   Non-Class:  928.00 KB
       Class:  432.00 KB
        Both:  1.33 MB

MaxMetaspaceSize: unlimited
CompressedClassSpaceSize: 1.00 GB
Initial GC threshold: 21.00 MB
Current GC threshold: 35.12 MB
CDS: on
MetaspaceReclaimPolicy: balanced
 - commit_granule_bytes: 65536.
 - commit_granule_words: 8192.
 - virtual_space_node_default_size: 8388608.
 - enlarge_chunks_in_place: 1.
 - new_chunks_are_fully_committed: 0.
 - uncommit_free_chunks: 1.
 - use_allocation_guard: 0.


Internal statistics:

num_allocs_failed_limit: 3.
num_arena_births: 298.
num_arena_deaths: 0.
num_vsnodes_births: 2.
num_vsnodes_deaths: 0.
num_space_committed: 425.
num_space_uncommitted: 0.
num_chunks_returned_to_freelist: 3.
num_chunks_taken_from_freelist: 1220.
num_chunk_merges: 3.
num_chunk_splits: 855.
num_chunks_enlarged: 693.
num_inconsistent_stats: 0.

CodeHeap 'non-profiled nmethods': size=120000Kb used=1883Kb max_used=1883Kb free=118116Kb
 bounds [0x00000146148f0000, 0x0000014614b60000, 0x000001461be20000]
CodeHeap 'profiled nmethods': size=120000Kb used=9125Kb max_used=9125Kb free=110874Kb
 bounds [0x000001460d3c0000, 0x000001460dcb0000, 0x00000146148f0000]
CodeHeap 'non-nmethods': size=5760Kb used=1201Kb max_used=1267Kb free=4558Kb
 bounds [0x000001460ce20000, 0x000001460d090000, 0x000001460d3c0000]
 total_blobs=4386 nmethods=3899 adapters=399
 compilation: enabled
              stopped_count=0, restarted_count=0
 full_count=0

Compilation events (20 events):
Event: 21.815 Thread 0x00000146055acd50 nmethod 3899 0x000001460dca3290 code [0x000001460dca3440, 0x000001460dca35a8]
Event: 21.815 Thread 0x00000146055acd50 3900       3       org.springframework.beans.factory.annotation.AutowiredAnnotationBeanPostProcessor::lambda$buildAutowiringMetadata$2 (176 bytes)
Event: 21.816 Thread 0x00000146055abcc0 3901       4       org.springframework.beans.factory.support.AbstractBeanFactory::isTypeMatch (607 bytes)
Event: 21.819 Thread 0x00000146055acd50 nmethod 3900 0x000001460dca3690 code [0x000001460dca3ae0, 0x000001460dca5928]
Event: 21.829 Thread 0x00000146055acd50 3903       3       org.springframework.beans.AbstractNestablePropertyAccessor::getWrappedInstance (22 bytes)
Event: 21.830 Thread 0x00000146055acd50 nmethod 3903 0x000001460dca6290 code [0x000001460dca6440, 0x000001460dca6708]
Event: 21.835 Thread 0x00000146055acd50 3904   !   3       jdk.proxy2.$Proxy58::annotationType (29 bytes)
Event: 21.836 Thread 0x00000146055acd50 nmethod 3904 0x000001460dca6810 code [0x000001460dca69e0, 0x000001460dca6dd8]
Event: 21.962 Thread 0x00000146055acd50 3906   !   3       org.springframework.util.ClassUtils::getMostSpecificMethod (72 bytes)
Event: 21.964 Thread 0x00000146055acd50 nmethod 3906 0x000001460dca6f90 code [0x000001460dca71e0, 0x000001460dca7b28]
Event: 21.973 Thread 0x00000146055acd50 3907       1       org.springframework.transaction.interceptor.BeanFactoryTransactionAttributeSourceAdvisor::access$000 (5 bytes)
Event: 21.973 Thread 0x00000146055acd50 nmethod 3907 0x0000014614ac6690 code [0x0000014614ac6820, 0x0000014614ac68d8]
Event: 21.983 Thread 0x00000146055acd50 3908       3       java.util.LinkedHashSet::<init> (9 bytes)
Event: 21.983 Thread 0x00000146055acd50 nmethod 3908 0x000001460dca7e90 code [0x000001460dca8060, 0x000001460dca81a8]
Event: 21.990 Thread 0x00000146055acd50 3909       3       java.lang.ThreadLocal$ThreadLocalMap::nextIndex (15 bytes)
Event: 21.990 Thread 0x00000146055acd50 nmethod 3909 0x000001460dca8290 code [0x000001460dca8420, 0x000001460dca8558]
Event: 21.990 Thread 0x00000146055acd50 3910       3       java.util.ArrayList::rangeCheckForAdd (26 bytes)
Event: 21.991 Thread 0x00000146055acd50 nmethod 3910 0x000001460dca8610 code [0x000001460dca8840, 0x000001460dca8ee8]
Event: 21.993 Thread 0x00000146055acd50 3911       1       org.springframework.core.convert.TypeDescriptor::getType (5 bytes)
Event: 21.993 Thread 0x00000146055acd50 nmethod 3911 0x0000014614ac6990 code [0x0000014614ac6b20, 0x0000014614ac6bf8]

GC Heap History (14 events):
Event: 2.656 GC heap before
{Heap before GC invocations=0 (full 0):
 garbage-first heap   total 65536K, used 14336K [0x00000000c1600000, 0x0000000100000000)
  region size 1024K, 13 young (13312K), 0 survivors (0K)
 Metaspace       used 2346K, committed 2496K, reserved 1114112K
  class space    used 201K, committed 256K, reserved 1048576K
}
Event: 2.756 GC heap after
{Heap after GC invocations=1 (full 0):
 garbage-first heap   total 65536K, used 7876K [0x00000000c1600000, 0x0000000100000000)
  region size 1024K, 2 young (2048K), 2 survivors (2048K)
 Metaspace       used 2346K, committed 2496K, reserved 1114112K
  class space    used 201K, committed 256K, reserved 1048576K
}
Event: 3.916 GC heap before
{Heap before GC invocations=1 (full 0):
 garbage-first heap   total 65536K, used 15044K [0x00000000c1600000, 0x0000000100000000)
  region size 1024K, 9 young (9216K), 2 survivors (2048K)
 Metaspace       used 4456K, committed 4672K, reserved 1114112K
  class space    used 470K, committed 576K, reserved 1048576K
}
Event: 3.923 GC heap after
{Heap after GC invocations=2 (full 0):
 garbage-first heap   total 65536K, used 8606K [0x00000000c1600000, 0x0000000100000000)
  region size 1024K, 1 young (1024K), 1 survivors (1024K)
 Metaspace       used 4456K, committed 4672K, reserved 1114112K
  class space    used 470K, committed 576K, reserved 1048576K
}
Event: 6.654 GC heap before
{Heap before GC invocations=2 (full 0):
 garbage-first heap   total 65536K, used 28062K [0x00000000c1600000, 0x0000000100000000)
  region size 1024K, 20 young (20480K), 1 survivors (1024K)
 Metaspace       used 10186K, committed 10432K, reserved 1114112K
  class space    used 1230K, committed 1344K, reserved 1048576K
}
Event: 6.663 GC heap after
{Heap after GC invocations=3 (full 0):
 garbage-first heap   total 65536K, used 10583K [0x00000000c1600000, 0x0000000100000000)
  region size 1024K, 3 young (3072K), 3 survivors (3072K)
 Metaspace       used 10186K, committed 10432K, reserved 1114112K
  class space    used 1230K, committed 1344K, reserved 1048576K
}
Event: 9.642 GC heap before
{Heap before GC invocations=3 (full 0):
 garbage-first heap   total 65536K, used 37207K [0x00000000c1600000, 0x0000000100000000)
  region size 1024K, 30 young (30720K), 3 survivors (3072K)
 Metaspace       used 16731K, committed 16960K, reserved 1114112K
  class space    used 1974K, committed 2048K, reserved 1048576K
}
Event: 9.663 GC heap after
{Heap after GC invocations=4 (full 0):
 garbage-first heap   total 65536K, used 12282K [0x00000000c1600000, 0x0000000100000000)
  region size 1024K, 2 young (2048K), 2 survivors (2048K)
 Metaspace       used 16731K, committed 16960K, reserved 1114112K
  class space    used 1974K, committed 2048K, reserved 1048576K
}
Event: 12.682 GC heap before
{Heap before GC invocations=4 (full 0):
 garbage-first heap   total 65536K, used 41978K [0x00000000c1600000, 0x0000000100000000)
  region size 1024K, 32 young (32768K), 2 survivors (2048K)
 Metaspace       used 18415K, committed 18688K, reserved 1114112K
  class space    used 2138K, committed 2240K, reserved 1048576K
}
Event: 12.700 GC heap after
{Heap after GC invocations=5 (full 0):
 garbage-first heap   total 65536K, used 14359K [0x00000000c1600000, 0x0000000100000000)
  region size 1024K, 4 young (4096K), 4 survivors (4096K)
 Metaspace       used 18415K, committed 18688K, reserved 1114112K
  class space    used 2138K, committed 2240K, reserved 1048576K
}
Event: 15.530 GC heap before
{Heap before GC invocations=5 (full 0):
 garbage-first heap   total 65536K, used 36887K [0x00000000c1600000, 0x0000000100000000)
  region size 1024K, 28 young (28672K), 4 survivors (4096K)
 Metaspace       used 21285K, committed 21504K, reserved 1114112K
  class space    used 2504K, committed 2624K, reserved 1048576K
}
Event: 15.547 GC heap after
{Heap after GC invocations=6 (full 0):
 garbage-first heap   total 65536K, used 15436K [0x00000000c1600000, 0x0000000100000000)
  region size 1024K, 4 young (4096K), 4 survivors (4096K)
 Metaspace       used 21285K, committed 21504K, reserved 1114112K
  class space    used 2504K, committed 2624K, reserved 1048576K
}
Event: 21.915 GC heap before
{Heap before GC invocations=7 (full 0):
 garbage-first heap   total 58368K, used 46156K [0x00000000c1600000, 0x0000000100000000)
  region size 1024K, 34 young (34816K), 4 survivors (4096K)
 Metaspace       used 26748K, committed 27136K, reserved 1114112K
  class space    used 3333K, committed 3520K, reserved 1048576K
}
Event: 21.946 GC heap after
{Heap after GC invocations=8 (full 0):
 garbage-first heap   total 58368K, used 18368K [0x00000000c1600000, 0x0000000100000000)
  region size 1024K, 5 young (5120K), 5 survivors (5120K)
 Metaspace       used 26748K, committed 27136K, reserved 1114112K
  class space    used 3333K, committed 3520K, reserved 1048576K
}

Deoptimization events (20 events):
Event: 21.283 Thread 0x00000146054f3b60 Uncommon trap: trap_request=0xffffffde fr.pc=0x0000014614aa24a4 relative=0x0000000000000c44
Event: 21.283 Thread 0x00000146054f3b60 Uncommon trap: reason=class_check action=maybe_recompile pc=0x0000014614aa24a4 method=org.springframework.beans.factory.support.AbstractBeanFactory.getBeanPostProcessorCache()Lorg/springframework/beans/factory/support/AbstractBeanFactory$BeanPostProcessor
Event: 21.283 Thread 0x00000146054f3b60 DEOPT PACKING pc=0x0000014614aa24a4 sp=0x0000002e3f8fea20
Event: 21.283 Thread 0x00000146054f3b60 DEOPT UNPACKING pc=0x000001460ce723a3 sp=0x0000002e3f8fe9f8 mode 2
Event: 21.477 Thread 0x00000146054f3b60 Uncommon trap: trap_request=0xffffff45 fr.pc=0x00000146149d5464 relative=0x0000000000000b44
Event: 21.477 Thread 0x00000146054f3b60 Uncommon trap: reason=unstable_if action=reinterpret pc=0x00000146149d5464 method=java.util.Properties$LineReader.readLine()I @ 25 c2
Event: 21.477 Thread 0x00000146054f3b60 DEOPT PACKING pc=0x00000146149d5464 sp=0x0000002e3f8fcfa0
Event: 21.477 Thread 0x00000146054f3b60 DEOPT UNPACKING pc=0x000001460ce723a3 sp=0x0000002e3f8fcf40 mode 2
Event: 21.479 Thread 0x00000146054f3b60 Uncommon trap: trap_request=0xffffff45 fr.pc=0x00000146149c58dc relative=0x0000000000000a1c
Event: 21.480 Thread 0x00000146054f3b60 Uncommon trap: reason=unstable_if action=reinterpret pc=0x00000146149c58dc method=java.util.Properties$LineReader.readLine()I @ 117 c2
Event: 21.480 Thread 0x00000146054f3b60 DEOPT PACKING pc=0x00000146149c58dc sp=0x0000002e3f8fcfa0
Event: 21.480 Thread 0x00000146054f3b60 DEOPT UNPACKING pc=0x000001460ce723a3 sp=0x0000002e3f8fcf50 mode 2
Event: 21.833 Thread 0x00000146054f3b60 Uncommon trap: trap_request=0xffffffde fr.pc=0x00000146149af2ec relative=0x0000000000000dcc
Event: 21.834 Thread 0x00000146054f3b60 Uncommon trap: reason=class_check action=maybe_recompile pc=0x00000146149af2ec method=java.util.concurrent.ConcurrentHashMap.putVal(Ljava/lang/Object;Ljava/lang/Object;Z)Ljava/lang/Object; @ 242 c2
Event: 21.834 Thread 0x00000146054f3b60 DEOPT PACKING pc=0x00000146149af2ec sp=0x0000002e3f8fd850
Event: 21.834 Thread 0x00000146054f3b60 DEOPT UNPACKING pc=0x000001460ce723a3 sp=0x0000002e3f8fd7c0 mode 2
Event: 21.973 Thread 0x00000146054f3b60 Uncommon trap: trap_request=0xffffffde fr.pc=0x00000146149af2ec relative=0x0000000000000dcc
Event: 21.973 Thread 0x00000146054f3b60 Uncommon trap: reason=class_check action=maybe_recompile pc=0x00000146149af2ec method=java.util.concurrent.ConcurrentHashMap.putVal(Ljava/lang/Object;Ljava/lang/Object;Z)Ljava/lang/Object; @ 242 c2
Event: 21.973 Thread 0x00000146054f3b60 DEOPT PACKING pc=0x00000146149af2ec sp=0x0000002e3f8fc290
Event: 21.973 Thread 0x00000146054f3b60 DEOPT UNPACKING pc=0x000001460ce723a3 sp=0x0000002e3f8fc200 mode 2

Classes loaded (20 events):
Event: 21.467 Loading class java/util/PropertyResourceBundle
Event: 21.471 Loading class java/util/PropertyResourceBundle done
Event: 21.471 Loading class sun/util/PropertyResourceBundleCharset
Event: 21.473 Loading class sun/util/PropertyResourceBundleCharset done
Event: 21.474 Loading class sun/util/PropertyResourceBundleCharset$PropertiesFileDecoder
Event: 21.476 Loading class sun/util/PropertyResourceBundleCharset$PropertiesFileDecoder done
Event: 21.498 Loading class java/util/ResourceBundle$BundleReference
Event: 21.500 Loading class java/util/ResourceBundle$BundleReference done
Event: 21.712 Loading class java/util/stream/SortedOps
Event: 21.712 Loading class java/util/stream/SortedOps done
Event: 21.712 Loading class java/util/stream/SortedOps$OfRef
Event: 21.713 Loading class java/util/stream/SortedOps$OfRef done
Event: 21.713 Loading class java/util/stream/SortedOps$RefSortingSink
Event: 21.713 Loading class java/util/stream/SortedOps$AbstractRefSortingSink
Event: 21.714 Loading class java/util/stream/SortedOps$AbstractRefSortingSink done
Event: 21.714 Loading class java/util/stream/SortedOps$RefSortingSink done
Event: 21.776 Loading class javax/management/MBeanRegistration
Event: 21.777 Loading class javax/management/MBeanRegistration done
Event: 21.994 Loading class java/util/stream/SortedOps$SizedRefSortingSink
Event: 21.995 Loading class java/util/stream/SortedOps$SizedRefSortingSink done

Classes unloaded (0 events):
No events

Classes redefined (0 events):
No events

Internal exceptions (20 events):
Event: 19.953 Thread 0x00000146054f3b60 Exception <a 'java/lang/ClassNotFoundException'{0x00000000c33ff818}: org/springframework/aop/aspectj/annotation/AnnotationAwareAspectJAutoProxyCreatorCustomizer> (0x00000000c33ff818) 
thrown [s\open\src\hotspot\share\classfile\systemDictionary.cpp, line 255]
Event: 19.973 Thread 0x00000146054f3b60 Exception <a 'java/lang/ClassNotFoundException'{0x00000000c3216f38}: org/springframework/beans/factory/config/SmartInstantiationAwareBeanPostProcessorCustomizer> (0x00000000c3216f38) 
thrown [s\open\src\hotspot\share\classfile\systemDictionary.cpp, line 255]
Event: 19.977 Thread 0x00000146054f3b60 Exception <a 'java/lang/ClassNotFoundException'{0x00000000c321e5c8}: org/springframework/beans/factory/config/InstantiationAwareBeanPostProcessorCustomizer> (0x00000000c321e5c8) 
thrown [s\open\src\hotspot\share\classfile\systemDictionary.cpp, line 255]
Event: 19.984 Thread 0x00000146054f3b60 Exception <a 'java/lang/ClassNotFoundException'{0x00000000c32254b8}: org/springframework/beans/factory/config/BeanPostProcessorCustomizer> (0x00000000c32254b8) 
thrown [s\open\src\hotspot\share\classfile\systemDictionary.cpp, line 255]
Event: 19.985 Thread 0x00000146054f3b60 Exception <a 'java/lang/ClassNotFoundException'{0x00000000c3229e80}: org/springframework/beans/factory/BeanFactoryAwareCustomizer> (0x00000000c3229e80) 
thrown [s\open\src\hotspot\share\classfile\systemDictionary.cpp, line 255]
Event: 19.995 Thread 0x00000146054f3b60 Exception <a 'java/lang/ClassNotFoundException'{0x00000000c322e748}: org/springframework/beans/factory/AwareCustomizer> (0x00000000c322e748) 
thrown [s\open\src\hotspot\share\classfile\systemDictionary.cpp, line 255]
Event: 19.996 Thread 0x00000146054f3b60 Exception <a 'java/lang/ClassNotFoundException'{0x00000000c3231500}: org/springframework/core/OrderedCustomizer> (0x00000000c3231500) 
thrown [s\open\src\hotspot\share\classfile\systemDictionary.cpp, line 255]
Event: 19.996 Thread 0x00000146054f3b60 Exception <a 'java/lang/ClassNotFoundException'{0x00000000c3235328}: org/springframework/beans/factory/BeanClassLoaderAwareCustomizer> (0x00000000c3235328) 
thrown [s\open\src\hotspot\share\classfile\systemDictionary.cpp, line 255]
Event: 20.003 Thread 0x00000146054f3b60 Exception <a 'java/lang/ClassNotFoundException'{0x00000000c3239140}: org/springframework/beans/factory/AwareCustomizer> (0x00000000c3239140) 
thrown [s\open\src\hotspot\share\classfile\systemDictionary.cpp, line 255]
Event: 20.007 Thread 0x00000146054f3b60 Exception <a 'java/lang/ClassNotFoundException'{0x00000000c323c408}: org/springframework/aop/framework/AopInfrastructureBeanCustomizer> (0x00000000c323c408) 
thrown [s\open\src\hotspot\share\classfile\systemDictionary.cpp, line 255]
Event: 20.033 Thread 0x00000146054f3b60 Exception <a 'java/lang/NoSuchMethodError'{0x00000000c3248d40}: 'void java.lang.invoke.DirectMethodHandle$Holder.invokeVirtual(java.lang.Object, java.lang.Object, int)'> (0x00000000c3248d40) 
thrown [s\open\src\hotspot\share\interpreter\linkResolver.cpp, line 759]
Event: 20.035 Thread 0x00000146054f3b60 Exception <a 'java/lang/NoSuchMethodError'{0x00000000c324cf38}: 'int java.lang.invoke.DirectMethodHandle$Holder.invokeSpecial(java.lang.Object, java.lang.Object, java.lang.Object, int)'> (0x00000000c324cf38) 
thrown [s\open\src\hotspot\share\interpreter\linkResolver.cpp, line 759]
Event: 20.202 Thread 0x00000146054f3b60 Exception <a 'java/lang/NoSuchMethodError'{0x00000000c3266470}: 'void java.lang.invoke.DelegatingMethodHandle$Holder.reinvoke_L(java.lang.Object, java.lang.Object, int)'> (0x00000000c3266470) 
thrown [s\open\src\hotspot\share\interpreter\linkResolver.cpp, line 759]
Event: 20.703 Thread 0x00000146054f3b60 Exception <a 'java/lang/ClassNotFoundException'{0x00000000c31e61a0}: java/lang/ObjectCustomizer> (0x00000000c31e61a0) 
thrown [s\open\src\hotspot\share\classfile\systemDictionary.cpp, line 255]
Event: 20.706 Thread 0x00000146054f3b60 Exception <a 'java/lang/ClassNotFoundException'{0x00000000c31ecf70}: org/springframework/transaction/annotation/AbstractTransactionManagementConfigurationCustomizer> (0x00000000c31ecf70) 
thrown [s\open\src\hotspot\share\classfile\systemDictionary.cpp, line 255]
Event: 20.713 Thread 0x00000146054f3b60 Exception <a 'java/lang/ClassNotFoundException'{0x00000000c31f2f28}: org/springframework/transaction/annotation/ProxyTransactionManagementConfigurationCustomizer> (0x00000000c31f2f28) 
thrown [s\open\src\hotspot\share\classfile\systemDictionary.cpp, line 255]
Event: 20.715 Thread 0x00000146054f3b60 Exception <a 'java/lang/ClassNotFoundException'{0x00000000c31fa098}: org/springframework/context/annotation/ImportAwareCustomizer> (0x00000000c31fa098) 
thrown [s\open\src\hotspot\share\classfile\systemDictionary.cpp, line 255]
Event: 20.717 Thread 0x00000146054f3b60 Exception <a 'java/lang/ClassNotFoundException'{0x00000000c31fe2f0}: org/springframework/beans/factory/AwareCustomizer> (0x00000000c31fe2f0) 
thrown [s\open\src\hotspot\share\classfile\systemDictionary.cpp, line 255]
Event: 21.293 Thread 0x00000146054f3b60 Exception <a 'java/lang/NoSuchMethodError'{0x00000000c2fed918}: 'java.lang.Object java.lang.invoke.DirectMethodHandle$Holder.invokeVirtual(java.lang.Object, java.lang.Object, java.lang.Object, java.lang.Object, java.lang.Object)'> (0x00000000c2fed918) 
thrown [s\open\src\hotspot\share\interpreter\linkResolver.cpp, line 759]
Event: 21.711 Thread 0x00000146054f3b60 Exception <a 'java/lang/NoSuchMethodError'{0x00000000c2eeab50}: 'int java.lang.invoke.DirectMethodHandle$Holder.invokeSpecial(java.lang.Object, java.lang.Object, java.lang.Object, java.lang.Object, java.lang.Object)'> (0x00000000c2eeab50) 
thrown [s\open\src\hotspot\share\interpreter\linkResolver.cpp, line 759]

VM Operations (20 events):
Event: 18.902 Executing VM operation: HandshakeAllThreads
Event: 18.902 Executing VM operation: HandshakeAllThreads done
Event: 19.244 Executing VM operation: HandshakeAllThreads
Event: 19.244 Executing VM operation: HandshakeAllThreads done
Event: 19.860 Executing VM operation: HandshakeAllThreads
Event: 19.861 Executing VM operation: HandshakeAllThreads done
Event: 19.861 Executing VM operation: Cleanup
Event: 19.861 Executing VM operation: Cleanup done
Event: 19.864 Executing VM operation: HandshakeAllThreads
Event: 19.864 Executing VM operation: HandshakeAllThreads done
Event: 20.279 Executing VM operation: HandshakeAllThreads
Event: 20.279 Executing VM operation: HandshakeAllThreads done
Event: 21.077 Executing VM operation: HandshakeAllThreads
Event: 21.077 Executing VM operation: HandshakeAllThreads done
Event: 21.077 Executing VM operation: Cleanup
Event: 21.077 Executing VM operation: Cleanup done
Event: 21.463 Executing VM operation: HandshakeAllThreads
Event: 21.463 Executing VM operation: HandshakeAllThreads done
Event: 21.914 Executing VM operation: G1CollectForAllocation
Event: 21.951 Executing VM operation: G1CollectForAllocation done

Events (20 events):
Event: 0.718 Loaded shared library C:\Program Files\Java\jdk-18.0.2.1\bin\zip.dll
Event: 0.731 Loaded shared library C:\Program Files\Java\jdk-18.0.2.1\bin\instrument.dll
Event: 0.795 Loaded shared library C:\Program Files\Java\jdk-18.0.2.1\bin\net.dll
Event: 0.801 Loaded shared library C:\Program Files\Java\jdk-18.0.2.1\bin\nio.dll
Event: 0.814 Loaded shared library C:\Program Files\Java\jdk-18.0.2.1\bin\zip.dll
Event: 1.803 Loaded shared library C:\Program Files\JetBrains\IntelliJ IDEA Community Edition 2022.1.3\bin\breakgen64.dll
Event: 1.805 Thread 0x0000014624cb9300 Thread added: 0x0000014624cb9300
Event: 1.805 Thread 0x0000014624cb97c0 Thread added: 0x0000014624cb97c0
Event: 1.936 Loaded shared library C:\Program Files\Java\jdk-18.0.2.1\bin\verify.dll
Event: 1.993 Loaded shared library C:\Program Files\Java\jdk-18.0.2.1\bin\jimage.dll
Event: 5.177 Thread 0x00000146254a25a0 Thread added: 0x00000146254a25a0
Event: 5.251 Thread 0x00000146254a25a0 Thread exited: 0x00000146254a25a0
Event: 5.814 Loaded shared library C:\Program Files\Java\jdk-18.0.2.1\bin\management.dll
Event: 5.823 Loaded shared library C:\Program Files\Java\jdk-18.0.2.1\bin\management_ext.dll
Event: 6.286 Thread 0x0000014625ab7860 Thread added: 0x0000014625ab7860
Event: 9.223 Thread 0x0000014625ab7860 Thread exited: 0x0000014625ab7860
Event: 9.313 Thread 0x0000014625e19b80 Thread added: 0x0000014625e19b80
Event: 9.484 Thread 0x0000014625e19b80 Thread exited: 0x0000014625e19b80
Event: 17.295 Thread 0x0000014626506940 Thread added: 0x0000014626506940
Event: 18.195 Thread 0x0000014626506940 Thread exited: 0x0000014626506940


Dynamic libraries:
0x00007ff6f1800000 - 0x00007ff6f1810000 	C:\Program Files\Java\jdk-18.0.2.1\bin\java.exe
0x00007ffbcc910000 - 0x00007ffbccb08000 	C:\Windows\SYSTEM32\ntdll.dll
0x00007ffbcb550000 - 0x00007ffbcb60d000 	C:\Windows\System32\KERNEL32.DLL
0x00007ffbca600000 - 0x00007ffbca8ce000 	C:\Windows\System32\KERNELBASE.dll
0x00007ffbca2a0000 - 0x00007ffbca3a0000 	C:\Windows\System32\ucrtbase.dll
0x00007ffbba470000 - 0x00007ffbba488000 	C:\Program Files\Java\jdk-18.0.2.1\bin\jli.dll
0x00007ffbcad40000 - 0x00007ffbcadee000 	C:\Windows\System32\ADVAPI32.dll
0x00007ffbcbf40000 - 0x00007ffbcbfde000 	C:\Windows\System32\msvcrt.dll
0x00007ffbcab20000 - 0x00007ffbcabbc000 	C:\Windows\System32\sechost.dll
0x00007ffbcc590000 - 0x00007ffbcc6b5000 	C:\Windows\System32\RPCRT4.dll
0x00007ffbcbcd0000 - 0x00007ffbcbe70000 	C:\Windows\System32\USER32.dll
0x00007ffbca270000 - 0x00007ffbca292000 	C:\Windows\System32\win32u.dll
0x00007ffbcbb90000 - 0x00007ffbcbbba000 	C:\Windows\System32\GDI32.dll
0x00007ffbca3f0000 - 0x00007ffbca4fb000 	C:\Windows\System32\gdi32full.dll
0x00007ffbca8d0000 - 0x00007ffbca96d000 	C:\Windows\System32\msvcp_win.dll
0x00007ffbb75e0000 - 0x00007ffbb75fa000 	C:\Program Files\Java\jdk-18.0.2.1\bin\VCRUNTIME140.dll
0x00007ffbb6890000 - 0x00007ffbb6b2a000 	C:\Windows\WinSxS\amd64_microsoft.windows.common-controls_6595b64144ccf1df_6.0.19041.1110_none_60b5254171f9507e\COMCTL32.dll
0x00007ffbc12f0000 - 0x00007ffbc12fa000 	C:\Windows\SYSTEM32\VERSION.dll
0x00007ffbcbca0000 - 0x00007ffbcbcd0000 	C:\Windows\System32\IMM32.DLL
0x00007ffbb9ea0000 - 0x00007ffbb9eac000 	C:\Program Files\Java\jdk-18.0.2.1\bin\vcruntime140_1.dll
0x00007ffbb65a0000 - 0x00007ffbb662d000 	C:\Program Files\Java\jdk-18.0.2.1\bin\msvcp140.dll
0x00007ffb733e0000 - 0x00007ffb73ff1000 	C:\Program Files\Java\jdk-18.0.2.1\bin\server\jvm.dll
0x00007ffbcc8c0000 - 0x00007ffbcc8c8000 	C:\Windows\System32\PSAPI.DLL
0x00007ffbba320000 - 0x00007ffbba329000 	C:\Windows\SYSTEM32\WSOCK32.dll
0x00007ffbcc6c0000 - 0x00007ffbcc72b000 	C:\Windows\System32\WS2_32.dll
0x00007ffbb3790000 - 0x00007ffbb37b7000 	C:\Windows\SYSTEM32\WINMM.dll
0x00007ffbc8870000 - 0x00007ffbc8882000 	C:\Windows\SYSTEM32\kernel.appcore.dll
0x00007ffbb8320000 - 0x00007ffbb832a000 	C:\Program Files\Java\jdk-18.0.2.1\bin\jimage.dll
0x00007ffbc8580000 - 0x00007ffbc8764000 	C:\Windows\SYSTEM32\DBGHELP.DLL
0x00007ffbb4e80000 - 0x00007ffbb4eac000 	C:\Windows\SYSTEM32\dbgcore.DLL
0x00007ffbca500000 - 0x00007ffbca582000 	C:\Windows\System32\bcryptPrimitives.dll
0x00007ffbc3900000 - 0x00007ffbc390e000 	C:\Program Files\Java\jdk-18.0.2.1\bin\instrument.dll
0x00007ffbb75b0000 - 0x00007ffbb75d5000 	C:\Program Files\Java\jdk-18.0.2.1\bin\java.dll
0x00007ffbb6300000 - 0x00007ffbb63d6000 	C:\Program Files\Java\jdk-18.0.2.1\bin\jsvml.dll
0x00007ffbcadf0000 - 0x00007ffbcb533000 	C:\Windows\System32\SHELL32.dll
0x00007ffbc7de0000 - 0x00007ffbc8575000 	C:\Windows\SYSTEM32\windows.storage.dll
0x00007ffbcc100000 - 0x00007ffbcc454000 	C:\Windows\System32\combase.dll
0x00007ffbc99b0000 - 0x00007ffbc99e0000 	C:\Windows\SYSTEM32\Wldp.dll
0x00007ffbcc730000 - 0x00007ffbcc7dd000 	C:\Windows\System32\SHCORE.dll
0x00007ffbcc7e0000 - 0x00007ffbcc835000 	C:\Windows\System32\shlwapi.dll
0x00007ffbc9f70000 - 0x00007ffbc9f8f000 	C:\Windows\SYSTEM32\profapi.dll
0x00007ffbb7430000 - 0x00007ffbb7448000 	C:\Program Files\Java\jdk-18.0.2.1\bin\zip.dll
0x00007ffbb7590000 - 0x00007ffbb75a3000 	C:\Program Files\Java\jdk-18.0.2.1\bin\net.dll
0x00007ffbb72a0000 - 0x00007ffbb73aa000 	C:\Windows\SYSTEM32\WINHTTP.dll
0x00007ffbc9790000 - 0x00007ffbc97fa000 	C:\Windows\system32\mswsock.dll
0x00007ffbb7450000 - 0x00007ffbb7466000 	C:\Program Files\Java\jdk-18.0.2.1\bin\nio.dll
0x00007ffbc1bb0000 - 0x00007ffbc1bca000 	C:\Program Files\JetBrains\IntelliJ IDEA Community Edition 2022.1.3\bin\breakgen64.dll
0x00007ffbb7420000 - 0x00007ffbb7430000 	C:\Program Files\Java\jdk-18.0.2.1\bin\verify.dll
0x00007ffbc9450000 - 0x00007ffbc948b000 	C:\Windows\SYSTEM32\IPHLPAPI.DLL
0x00007ffbcb540000 - 0x00007ffbcb548000 	C:\Windows\System32\NSI.dll
0x00007ffbbe370000 - 0x00007ffbbe387000 	C:\Windows\SYSTEM32\dhcpcsvc6.DLL
0x00007ffbbe350000 - 0x00007ffbbe36d000 	C:\Windows\SYSTEM32\dhcpcsvc.DLL
0x00007ffbc94a0000 - 0x00007ffbc956a000 	C:\Windows\SYSTEM32\DNSAPI.dll
0x00007ffbc2a00000 - 0x00007ffbc2a0a000 	C:\Windows\System32\rasadhlp.dll
0x00007ffbb6e60000 - 0x00007ffbb6ee0000 	C:\Windows\System32\fwpuclnt.dll
0x00007ffbca030000 - 0x00007ffbca057000 	C:\Windows\System32\bcrypt.dll
0x00007ffbc1d30000 - 0x00007ffbc1d39000 	C:\Program Files\Java\jdk-18.0.2.1\bin\management.dll
0x00007ffbb9eb0000 - 0x00007ffbb9ebb000 	C:\Program Files\Java\jdk-18.0.2.1\bin\management_ext.dll
0x00007ffba3410000 - 0x00007ffba3427000 	C:\Windows\system32\napinsp.dll
0x00007ffba33f0000 - 0x00007ffba340b000 	C:\Windows\system32\pnrpnsp.dll
0x00007ffbc5440000 - 0x00007ffbc5455000 	C:\Windows\system32\wshbth.dll
0x00007ffbc5900000 - 0x00007ffbc591d000 	C:\Windows\system32\NLAapi.dll
0x00007ffba33d0000 - 0x00007ffba33e2000 	C:\Windows\System32\winrnr.dll

dbghelp: loaded successfully - version: 4.0.5 - missing functions: none
symbol engine: initialized successfully - sym options: 0x614 - pdb path: .;C:\Program Files\Java\jdk-18.0.2.1\bin;C:\Windows\SYSTEM32;C:\Windows\WinSxS\amd64_microsoft.windows.common-controls_6595b64144ccf1df_6.0.19041.1110_none_60b5254171f9507e;C:\Program Files\Java\jdk-18.0.2.1\bin\server;C:\Program Files\JetBrains\IntelliJ IDEA Community Edition 2022.1.3\bin

VM Arguments:
jvm_args: -javaagent:C:\Program Files\JetBrains\IntelliJ IDEA Community Edition 2022.1.3\lib\idea_rt.jar=59935:C:\Program Files\JetBrains\IntelliJ IDEA Community Edition 2022.1.3\bin -Dfile.encoding=UTF-8 
java_command: com.mobile.MobilesApplication
java_class_path (initial): D:\Axis Bank -JFS\E-Commerce Application\Mobiles\target\classes;C:\Users\visha\.m2\repository\org\springframework\boot\spring-boot-starter-data-jpa\2.7.4\spring-boot-starter-data-jpa-2.7.4.jar;C:\Users\visha\.m2\repository\org\springframework\boot\spring-boot-starter-aop\2.7.4\spring-boot-starter-aop-2.7.4.jar;C:\Users\visha\.m2\repository\org\springframework\spring-aop\5.3.23\spring-aop-5.3.23.jar;C:\Users\visha\.m2\repository\org\aspectj\aspectjweaver\1.9.7\aspectjweaver-1.9.7.jar;C:\Users\visha\.m2\repository\org\springframework\boot\spring-boot-starter-jdbc\2.7.4\spring-boot-starter-jdbc-2.7.4.jar;C:\Users\visha\.m2\repository\com\zaxxer\HikariCP\4.0.3\HikariCP-4.0.3.jar;C:\Users\visha\.m2\repository\org\springframework\spring-jdbc\5.3.23\spring-jdbc-5.3.23.jar;C:\Users\visha\.m2\repository\jakarta\transaction\jakarta.transaction-api\1.3.3\jakarta.transaction-api-1.3.3.jar;C:\Users\visha\.m2\repository\jakarta\persistence\jakarta.persistence-api\2.2.3\jakarta.persistence-api-2.2.3.jar;C:\Users\visha\.m2\repository\org\hibernate\hibernate-core\5.6.11.Final\hibernate-core-5.6.11.Final.jar;C:\Users\visha\.m2\repository\org\jboss\logging\jboss-logging\3.4.3.Final\jboss-logging-3.4.3.Final.jar;C:\Users\visha\.m2\repository\net\bytebuddy\byte-buddy\1.12.17\byte-buddy-1.12.17.jar;C:\Users\visha\.m2\repository\antlr\antlr\2.7.7\antlr-2.7.7.jar;C:\Users\visha\.m2\repository\org\jboss\jandex\2.4.2.Final\jandex-2.4.2.Final.jar;C:\Users\visha\.m2\repository\org\hibernate\common\hibernate-commons-annotations\5.1.2.Final\hibernate-commons-annotations-5.1.2.Final.jar;C:\Users\visha\.m2\repository\org\glassfish\jaxb\jaxb-runtime\2.3.6\jaxb-runtime-2.3.6.jar;C:\Users\visha\.m2\repository\org\glassfish\jaxb\txw2\2.3.6\txw2-2.3.6.jar;C:\Users\visha\.m2\repository\com\sun\istack\istack-commons-runtime\3.0.12\istack-commons-runtime-3.0.12.jar;C:\Users\visha\.m2\repository\com\sun\activation\jakarta.activation\1.2.2\jakarta.activation-1.2.2.jar;C:\Users\visha\.m2\repository\org\springframework\data\spring-data-jpa\2.7.3\spring-data-jpa-2.7.3.jar;C:\Users\visha\.m2\repository\org\springframework\data\spring-data-commons\2.7.3\spring-data-commons-2.7.3.jar;C:\Users\visha\.m2\repository\org\springframework\spring-orm\5.3.23\spring-orm-5.3.23.jar;C:\Users\visha\.m2\repository\org\springframework\spring-context\5.3.23\spring-context-5.3.23.jar;C:\Users\visha\.m2\repository\org\springframework\spring-tx\5.3.23\spring-tx-5.3.23.jar;C:\Users\visha\.m2\repository\org\springframework\spring-beans\5.3.23\spring-beans-5.3.23.jar;C:\Users\visha\.m2\repository\org\springframework\spring-aspects\5.3.23\spring-aspects-5.3.23.jar;C:\Users\visha\.m2\repository\org\springframework\boot\spring-boot-starter-web\2.7.4\spring-boot-starter-web-2.7.4.jar;C:\Users\visha\.m2\repository\org\springframework\boot\spring-boot-starter\2.7.4\spring-boot-starter-2.7.4.jar;C:\Users\visha\.m2\repository\org\springframework\boot\spring-boot\2.7.4\spring-boot-2.7.4.jar;C:\Users\visha\.m2\repository\org\springframework\boot\spring-boot-autoconfigure\2.7.4\spring-boot-autoconfigure-2.7.4.jar;C:\Users\visha\.m2\repository\org\springframework\boot\spring-boot-starter-logging\2.7.4\spring-boot-starter-logging-2.7.4.jar;C:\Users\visha\.m2\repository\ch\qos\logback\logback-classic\1.2.11\logback-classic-1.2.11.jar;C:\Users\visha\.m2\repository\ch\qos\logback\logback-core\1.2.11\logback-core-1.2.11.jar;C:\Users\visha\.m2\repository\org\apache\logging\log4j\log4j-to-slf4j\2.17.2\log4j-to-slf4j-2.17.2.jar;C:\Users\visha\.m2\repository\org\apache\logging\log4j\log4j-api\2.17.2\log4j-api-2.17.2.jar;C:\Users\visha\.m2\repository\org\slf4j\jul-to-slf4j\1.7.36\jul-to-slf4j-1.7.36.jar;C:\Users\visha\.m2\repository\jakarta\annotation\jakarta.annotation-api\1.3.5\jakarta.annotation-api-1.3.5.jar;C:\Users\visha\.m2\repository\org\yaml\snakeyaml\1.30\snakeyaml-1.30.jar;C:\Users\visha\.m2\repository\org\springframework\boot\spring-boot-starter-json\2.7.4\spring-boot-starter-json-2.7.4.jar;C:\Users\visha\.m2\repository\com\fasterxml\jackson\core\jackson-databind\2.13.4\jackson-databind-2.13.4.jar;C:\Users\visha\.m2\repository\com\fasterxml\jackson\datatype\jackson-datatype-jdk8\2.13.4\jackson-datatype-jdk8-2.13.4.jar;C:\Users\visha\.m2\repository\com\fasterxml\jackson\datatype\jackson-datatype-jsr310\2.13.4\jackson-datatype-jsr310-2.13.4.jar;C:\Users\visha\.m2\repository\com\fasterxml\jackson\module\jackson-module-parameter-names\2.13.4\jackson-module-parameter-names-2.13.4.jar;C:\Users\visha\.m2\repository\org\springframework\boot\spring-boot-starter-tomcat\2.7.4\spring-boot-starter-tomcat-2.7.4.jar;C:\Users\visha\.m2\repository\org\apache\tomcat\embed\tomcat-embed-core\9.0.65\tomcat-embed-core-9.0.65.jar;C:\Users\visha\.m2\repository\org\apache\tomcat\embed\tomcat-embed-el\9.0.65\tomcat-embed-el-9.0.65.jar;C:\Users\visha\.m2\repository\org\apache\tomcat\embed\tomcat-embed-websocket\9.0.65\tomcat-embed-websocket-9.0.65.jar;C:\Users\visha\.m2\repository\org\springframework\spring-web\5.3.23\spring-web-5.3.23.jar;C:\Users\visha\.m2\repository\org\springframework\spring-webmvc\5.3.23\spring-webmvc-5.3.23.jar;C:\Users\visha\.m2\repository\org\springframework\spring-expression\5.3.23\spring-expression-5.3.23.jar;C:\Users\visha\.m2\repository\org\springframework\cloud\spring-cloud-starter-netflix-eureka-client\3.1.4\spring-cloud-starter-netflix-eureka-client-3.1.4.jar;C:\Users\visha\.m2\repository\org\springframework\cloud\spring-cloud-starter\3.1.4\spring-cloud-starter-3.1.4.jar;C:\Users\visha\.m2\repository\org\springframework\cloud\spring-cloud-context\3.1.4\spring-cloud-context-3.1.4.jar;C:\Users\visha\.m2\repository\org\springframework\security\spring-security-crypto\5.7.3\spring-security-crypto-5.7.3.jar;C:\Users\visha\.m2\repository\org\springframework\cloud\spring-cloud-commons\3.1.4\spring-cloud-commons-3.1.4.jar;C:\Users\visha\.m2\repository\org\springframework\security\spring-security-rsa\1.0.11.RELEASE\spring-security-rsa-1.0.11.RELEASE.jar;C:\Users\visha\.m2\repository\org\bouncycastle\bcpkix-jdk15on\1.69\bcpkix-jdk15on-1.69.jar;C:\Users\visha\.m2\repository\org\bouncycastle\bcprov-jdk15on\1.69\bcprov-jdk15on-1.69.jar;C:\Users\visha\.m2\repository\org\bouncycastle\bcutil-jdk15on\1.69\bcutil-jdk15on-1.69.jar;C:\Users\visha\.m2\repository\org\springframework\cloud\spring-cloud-netflix-eureka-client\3.1.4\spring-cloud-netflix-eureka-client-3.1.4.jar;C:\Users\visha\.m2\repository\com\netflix\eureka\eureka-client\1.10.17\eureka-client-1.10.17.jar;C:\Users\visha\.m2\repository\com\netflix\netflix-commons\netflix-eventbus\0.3.0\netflix-eventbus-0.3.0.jar;C:\Users\visha\.m2\repository\com\netflix\netflix-commons\netflix-infix\0.3.0\netflix-infix-0.3.0.jar;C:\Users\visha\.m2\repository\commons-jxpath\commons-jxpath\1.3\commons-jxpath-1.3.jar;C:\Users\visha\.m2\repository\joda-time\joda-time\2.3\joda-time-2.3.jar;C:\Users\visha\.m2\repository\org\antlr\antlr-runtime\3.4\antlr-runtime-3.4.jar;C:\Users\visha\.m2\repository\org\antlr\stringtemplate\3.2.1\stringtemplate-3.2.1.jar;C:\Users\visha\.m2\repository\com\google\code\gson\gson\2.9.1\gson-2.9.1.jar;C:\Users\visha\.m2\repository\org\apache\commons\commons-math\2.2\commons-math-2.2.jar;C:\Users\visha\.m2\repository\com\thoughtworks\xstream\xstream\1.4.18\xstream-1.4.18.jar;C:\Users\visha\.m2\repository\io\github\x-stream\mxparser\1.2.2\mxparser-1.2.2.jar;C:\Users\visha\.m2\repository\xmlpull\xmlpull\1.1.3.1\xmlpull-1.1.3.1.jar;C:\Users\visha\.m2\repository\javax\ws\rs\jsr311-api\1.1.1\jsr311-api-1.1.1.jar;C:\Users\visha\.m2\repository\com\netflix\servo\servo-core\0.12.21\servo-core-0.12.21.jar;C:\Users\visha\.m2\repository\com\google\guava\guava\19.0\guava-19.0.jar;C:\Users\visha\.m2\repository\org\apache\httpcomponents\httpclient\4.5.13\httpclient-4.5.13.jar;C:\Users\visha\.m2\repository\org\apache\httpcomponents\httpcore\4.4.15\httpcore-4.4.15.jar;C:\Users\visha\.m2\repository\commons-codec\commons-codec\1.15\commons-codec-1.15.jar;C:\Users\visha\.m2\repository\commons-configuration\commons-configuration\1.10\commons-configuration-1.10.jar;C:\Users\visha\.m2\repository\commons-lang\commons-lang\2.6\commons-lang-2.6.jar;C:\Users\visha\.m2\repository\com\google\inject\guice\4.1.0\guice-4.1.0.jar;C:\Users\visha\.m2\repository\javax\inject\javax.inject\1\javax.inject-1.jar;C:\Users\visha\.m2\repository\com\fasterxml\jackson\core\jackson-annotations\2.13.4\jackson-annotations-2.13.4.jar;C:\Users\visha\.m2\repository\com\fasterxml\jackson\core\jackson-core\2.13.4\jackson-core-2.13.4.jar;C:\Users\visha\.m2\repository\org\codehaus\jettison\jettison\1.4.0\jettison-1.4.0.jar;C:\Users\visha\.m2\repository\com\netflix\eureka\eureka-core\1.10.17\eureka-core-1.10.17.jar;C:\Users\visha\.m2\repository\com\fasterxml\woodstox\woodstox-core\6.2.1\woodstox-core-6.2.1.jar;C:\Users\visha\.m2\repository\org\codehaus\woodstox\stax2-api\4.2.1\stax2-api-4.2.1.jar;C:\Users\visha\.m2\repository\org\springframework\cloud\spring-cloud-starter-loadbalancer\3.1.4\spring-cloud-starter-loadbalancer-3.1.4.jar;C:\Users\visha\.m2\repository\org\springframework\cloud\spring-cloud-loadbalancer\3.1.4\spring-cloud-loadbalancer-3.1.4.jar;C:\Users\visha\.m2\repository\io\projectreactor\reactor-core\3.4.23\reactor-core-3.4.23.jar;C:\Users\visha\.m2\repository\org\reactivestreams\reactive-streams\1.0.4\reactive-streams-1.0.4.jar;C:\Users\visha\.m2\repository\io\projectreactor\addons\reactor-extra\3.4.8\reactor-extra-3.4.8.jar;C:\Users\visha\.m2\repository\org\springframework\boot\spring-boot-starter-cache\2.7.4\spring-boot-starter-cache-2.7.4.jar;C:\Users\visha\.m2\repository\org\springframework\spring-context-support\5.3.23\spring-context-support-5.3.23.jar;C:\Users\visha\.m2\repository\com\stoyanr\evictor\1.0.0\evictor-1.0.0.jar;C:\Users\visha\.m2\repository\io\springfox\springfox-boot-starter\3.0.0\springfox-boot-starter-3.0.0.jar;C:\Users\visha\.m2\repository\io\springfox\springfox-oas\3.0.0\springfox-oas-3.0.0.jar;C:\Users\visha\.m2\repository\io\swagger\core\v3\swagger-annotations\2.1.2\swagger-annotations-2.1.2.jar;C:\Users\visha\.m2\repository\io\swagger\core\v3\swagger-models\2.1.2\swagger-models-2.1.2.jar;C:\Users\visha\.m2\repository\io\springfox\springfox-spi\3.0.0\springfox-spi-3.0.0.jar;C:\Users\visha\.m2\repository\io\springfox\springfox-schema\3.0.0\springfox-schema-3.0.0.jar;C:\Users\visha\.m2\repository\io\springfox\springfox-core\3.0.0\springfox-core-3.0.0.jar;C:\Users\visha\.m2\repository\io\springfox\springfox-spring-web\3.0.0\springfox-spring-web-3.0.0.jar;C:\Users\visha\.m2\repository\io\github\classgraph\classgraph\4.8.83\classgraph-4.8.83.jar;C:\Users\visha\.m2\repository\io\springfox\springfox-spring-webmvc\3.0.0\springfox-spring-webmvc-3.0.0.jar;C:\Users\visha\.m2\repository\io\springfox\springfox-spring-webflux\3.0.0\springfox-spring-webflux-3.0.0.jar;C:\Users\visha\.m2\repository\io\springfox\springfox-swagger-common\3.0.0\springfox-swagger-common-3.0.0.jar;C:\Users\visha\.m2\repository\org\mapstruct\mapstruct\1.3.1.Final\mapstruct-1.3.1.Final.jar;C:\Users\visha\.m2\repository\io\springfox\springfox-data-rest\3.0.0\springfox-data-rest-3.0.0.jar;C:\Users\visha\.m2\repository\io\springfox\springfox-bean-validators\3.0.0\springfox-bean-validators-3.0.0.jar;C:\Users\visha\.m2\repository\io\springfox\springfox-swagger2\3.0.0\springfox-swagger2-3.0.0.jar;C:\Users\visha\.m2\repository\io\swagger\swagger-annotations\1.5.20\swagger-annotations-1.5.20.jar;C:\Users\visha\.m2\repository\io\swagger\swagger-models\1.5.20\swagger-models-1.5.20.jar;C:\Users\visha\.m2\repository\io\springfox\springfox-swagger-ui\3.0.0\springfox-swagger-ui-3.0.0.jar;C:\Users\visha\.m2\repository\com\fasterxml\classmate\1.5.1\classmate-1.5.1.jar;C:\Users\visha\.m2\repository\org\slf4j\slf4j-api\1.7.36\slf4j-api-1.7.36.jar;C:\Users\visha\.m2\repository\org\springframework\plugin\spring-plugin-core\2.0.0.RELEASE\spring-plugin-core-2.0.0.RELEASE.jar;C:\Users\visha\.m2\repository\org\springframework\plugin\spring-plugin-metadata\2.0.0.RELEASE\spring-plugin-metadata-2.0.0.RELEASE.jar;C:\Users\visha\.m2\repository\mysql\mysql-connector-java\8.0.30\mysql-connector-java-8.0.30.jar;C:\Users\visha\.m2\repository\jakarta\xml\bind\jakarta.xml.bind-api\2.3.3\jakarta.xml.bind-api-2.3.3.jar;C:\Users\visha\.m2\repository\jakarta\activation\jakarta.activation-api\1.2.2\jakarta.activation-api-1.2.2.jar;C:\Users\visha\.m2\repository\org\springframework\spring-core\5.3.23\spring-core-5.3.23.jar;C:\Users\visha\.m2\repository\org\springframework\spring-jcl\5.3.23\spring-jcl-5.3.23.jar
Launcher Type: SUN_STANDARD

[Global flags]
     intx CICompilerCount                          = 3                                         {product} {ergonomic}
     uint ConcGCThreads                            = 1                                         {product} {ergonomic}
     uint G1ConcRefinementThreads                  = 4                                         {product} {ergonomic}
   size_t G1HeapRegionSize                         = 1048576                                   {product} {ergonomic}
    uintx GCDrainStackTargetSize                   = 64                                        {product} {ergonomic}
   size_t InitialHeapSize                          = 67108864                                  {product} {ergonomic}
   size_t MarkStackSize                            = 4194304                                   {product} {ergonomic}
   size_t MaxHeapSize                              = 1050673152                                {product} {ergonomic}
   size_t MaxNewSize                               = 630194176                                 {product} {ergonomic}
   size_t MinHeapDeltaBytes                        = 1048576                                   {product} {ergonomic}
   size_t MinHeapSize                              = 8388608                                   {product} {ergonomic}
    uintx NonNMethodCodeHeapSize                   = 5832780                                {pd product} {ergonomic}
    uintx NonProfiledCodeHeapSize                  = 122912730                              {pd product} {ergonomic}
    uintx ProfiledCodeHeapSize                     = 122912730                              {pd product} {ergonomic}
    uintx ReservedCodeCacheSize                    = 251658240                              {pd product} {ergonomic}
     bool SegmentedCodeCache                       = true                                      {product} {ergonomic}
   size_t SoftMaxHeapSize                          = 1050673152                             {manageable} {ergonomic}
     bool UseCompressedClassPointers               = true                           {product lp64_product} {ergonomic}
     bool UseCompressedOops                        = true                           {product lp64_product} {ergonomic}
     bool UseG1GC                                  = true                                      {product} {ergonomic}
     bool UseLargePagesIndividualAllocation        = false                                  {pd product} {ergonomic}

Logging:
Log output configuration:
 #0: stdout all=warning uptime,level,tags foldmultilines=false
 #1: stderr all=off uptime,level,tags foldmultilines=false

Environment Variables:
JAVA_HOME=C:\Program Files\Amazon Corretto\jdk11.0.15_9
PATH=C:\Program Files\Common Files\Oracle\Java\javapath;C:\Program Files\Python310\Scripts\;C:\Program Files\Python310\;C:\Program Files\Amazon Corretto\jdk11.0.15_9\bin;C:\Windows\system32;C:\Windows;C:\Windows\System32\Wbem;C:\Windows\System32\WindowsPowerShell\v1.0\;C:\Windows\System32\OpenSSH\;C:\Program Files\dotnet\;C:\Program Files\Microsoft SQL Server\130\Tools\Binn\;C:\Program Files\Microsoft SQL Server\Client SDK\ODBC\170\Tools\Binn\;C:\Program Files (x86)\Microsoft SQL Server\150\Tools\Binn\;C:\Program Files\Microsoft SQL Server\150\Tools\Binn\;C:\Program Files\Microsoft SQL Server\150\DTS\Binn\;C:\Program Files (x86)\Microsoft SQL Server\150\DTS\Binn\;C:\Program Files\Azure Data Studio\bin;C:\Program Files\nodejs\;C:\Program Files\Git\cmd;C:\Program Files\Docker\Docker\resources\bin;C:\ProgramData\DockerDesktop\version-bin;C:\Users\visha\AppData\Local\Microsoft\WindowsApps;C:\Users\visha\.dotnet\tools;C:\Program Files\Azure Data Studio\bin;C:\Users\visha\AppData\Roaming\npm;C:\Users\visha\AppData\Local\Programs\Microsoft VS Code\bin
USERNAME=visha
OS=Windows_NT
PROCESSOR_IDENTIFIER=Intel64 Family 6 Model 142 Stepping 9, GenuineIntel



---------------  S Y S T E M  ---------------

OS:
 Windows 10 , 64 bit Build 19041 (10.0.19041.1889)
OS uptime: 3 days 7:26 hours
Hyper-V role detected

CPU: total 4 (initial active 4) (2 cores per cpu, 2 threads per core) family 6 model 142 stepping 9 microcode 0xde, cx8, cmov, fxsr, ht, mmx, 3dnowpref, sse, sse2, sse3, ssse3, sse4.1, sse4.2, popcnt, lzcnt, tsc, tscinvbit, avx, avx2, aes, erms, clmul, bmi1, bmi2, adx, fma, vzeroupper, clflush, clflushopt, hv

Memory: 4k page, system-wide physical 4007M (357M free)
TotalPageFile size 16295M (AvailPageFile size 12M)
current process WorkingSet (physical memory assigned to process): 136M, peak: 137M
current process commit charge ("private bytes"): 192M, peak: 197M

vm_info: Java HotSpot(TM) 64-Bit Server VM (18.0.2.1+1-1) for windows-amd64 JRE (18.0.2.1+1-1), built on Aug 16 2022 01:46:33 by "mach5one" with MS VC++ 16.8 / 16.9 (VS2019)

END.
